<?xml version="1.0" encoding="UTF-8"?>
<!-- Generated by org.testng.reporters.JUnitReportReporter -->
<testsuite hostname="CSCO-W-PF2S3R91" failures="0" tests="5" name="com.cisco.testscripts.TestRunner" time="23.316" errors="0" timestamp="2021-12-22T12:57:28 IST" skipped="0">
  <testcase classname="com.cisco.testscripts.TestRunner" name="runScenario" time="3.806"/>
  <system-out/>
  <testcase classname="com.cisco.testscripts.TestRunner" name="runScenario" time="4.241"/>
  <system-out/>
  <testcase classname="com.cisco.testscripts.TestRunner" name="runScenario" time="4.208"/>
  <system-out/>
  <testcase classname="com.cisco.testscripts.TestRunner" name="runScenario" time="4.087"/>
  <system-out/>
  <testcase classname="com.cisco.testscripts.TestRunner" name="runScenario" time="6.974"/>
  <system-out/>
</testsuite> <!-- com.cisco.testscripts.TestRunner -->
